
===== New Run @ Fri Feb  6 11:24:15 IST 2026 =====
2026-02-06 11:24:16 | feat: AuthController | src/main/java/com/event/ems/controller/AuthController.java
2026-02-06 11:24:16 | feat: BookingController | src/main/java/com/event/ems/controller/BookingController.java
2026-02-06 11:24:16 | feat: OrganizerBookingController | src/main/java/com/event/ems/controller/OrganizerBookingController.java
2026-02-06 11:24:16 | feat: PaymentController | src/main/java/com/event/ems/controller/PaymentController.java
2026-02-06 11:24:16 | update: BookingRequest | src/main/java/com/event/ems/dto/BookingRequest.java
2026-02-06 11:24:17 | update: EventRequest | src/main/java/com/event/ems/dto/EventRequest.java
2026-02-06 11:24:17 | update: RegisterRequest | src/main/java/com/event/ems/dto/RegisterRequest.java
2026-02-06 11:24:17 | update: Booking | src/main/java/com/event/ems/entity/Booking.java
2026-02-06 11:24:17 | update: BookingApprovalType | src/main/java/com/event/ems/entity/BookingApprovalType.java
2026-02-06 11:24:17 | update: BookingStatus | src/main/java/com/event/ems/entity/BookingStatus.java
2026-02-06 11:24:17 | update: Event | src/main/java/com/event/ems/entity/Event.java
2026-02-06 11:24:17 | refactor: BookingRepository | src/main/java/com/event/ems/repository/BookingRepository.java
2026-02-06 11:24:17 | update: JwtAuthenticationFilter | src/main/java/com/event/ems/security/JwtAuthenticationFilter.java
2026-02-06 11:24:17 | update: SecurityConfig | src/main/java/com/event/ems/security/SecurityConfig.java
2026-02-06 11:24:17 | refactor: BookingService | src/main/java/com/event/ems/service/BookingService.java
2026-02-06 11:24:17 | update: BookingServiceImpl | src/main/java/com/event/ems/service/impl/BookingServiceImpl.java
2026-02-06 11:24:17 | feat: commit-report-2026-02-06 | logs/commit-report-2026-02-06.log

===== New Run @ Fri Feb  6 11:27:55 IST 2026 =====
2026-02-06 11:27:56 | feat: AuthController | src/main/java/com/event/ems/controller/AuthController.java
2026-02-06 11:27:56 | feat: BookingController | src/main/java/com/event/ems/controller/BookingController.java
2026-02-06 11:27:56 | feat: OrganizerBookingController | src/main/java/com/event/ems/controller/OrganizerBookingController.java
2026-02-06 11:27:56 | feat: PaymentController | src/main/java/com/event/ems/controller/PaymentController.java
2026-02-06 11:27:56 | update: BookingRequest | src/main/java/com/event/ems/dto/BookingRequest.java
2026-02-06 11:27:56 | update: EventRequest | src/main/java/com/event/ems/dto/EventRequest.java
2026-02-06 11:27:56 | update: RegisterRequest | src/main/java/com/event/ems/dto/RegisterRequest.java
2026-02-06 11:27:56 | update: Booking | src/main/java/com/event/ems/entity/Booking.java
2026-02-06 11:27:56 | update: BookingApprovalType | src/main/java/com/event/ems/entity/BookingApprovalType.java
2026-02-06 11:27:56 | update: BookingStatus | src/main/java/com/event/ems/entity/BookingStatus.java
2026-02-06 11:27:56 | update: Event | src/main/java/com/event/ems/entity/Event.java
2026-02-06 11:27:56 | refactor: BookingRepository | src/main/java/com/event/ems/repository/BookingRepository.java
2026-02-06 11:27:57 | update: JwtAuthenticationFilter | src/main/java/com/event/ems/security/JwtAuthenticationFilter.java
2026-02-06 11:27:57 | update: SecurityConfig | src/main/java/com/event/ems/security/SecurityConfig.java
2026-02-06 11:27:57 | refactor: BookingService | src/main/java/com/event/ems/service/BookingService.java
2026-02-06 11:27:57 | update: BookingServiceImpl | src/main/java/com/event/ems/service/impl/BookingServiceImpl.java
2026-02-06 11:27:57 | feat: commit-report-2026-02-06 | logs/commit-report-2026-02-06.log
